{
  "stats": {
    "suites": 1,
    "tests": 3,
    "passes": 3,
    "pending": 0,
    "failures": 0,
    "start": "2020-08-03T14:36:30.821Z",
    "end": "2020-08-03T14:36:32.186Z",
    "duration": 1365,
    "testsRegistered": 3,
    "passPercent": 100,
    "pendingPercent": 0,
    "other": 0,
    "hasOther": false,
    "skipped": 0,
    "hasSkipped": false
  },
  "results": [
    {
      "uuid": "2c543626-10de-4c39-93ad-6df0875ddff3",
      "title": "",
      "fullFile": "cypress\\integration\\examples\\getPokemonName.spec.js",
      "file": "cypress\\integration\\examples\\getPokemonName.spec.js",
      "beforeHooks": [],
      "afterHooks": [],
      "tests": [],
      "suites": [
        {
          "uuid": "f4362f70-887b-4bec-950e-0a2630379bf5",
          "title": "API Testing with Cypress",
          "fullFile": "",
          "file": "",
          "beforeHooks": [],
          "afterHooks": [],
          "tests": [
            {
              "title": "Validate the header",
              "fullTitle": "API Testing with Cypress Validate the header",
              "timedOut": null,
              "duration": 685,
              "state": "passed",
              "speed": "slow",
              "pass": true,
              "fail": false,
              "pending": false,
              "context": null,
              "code": "cy.login(\"omer\", \"talmi\");\ncy.get(\"@pikachu\").its(\"headers\").its(\"content-type\").should(\"include\", \"application/json; charset=utf-8\");",
              "err": {},
              "uuid": "0e5693a6-0c26-4e2a-a64e-2b294a48f5d9",
              "parentUUID": "f4362f70-887b-4bec-950e-0a2630379bf5",
              "isHook": false,
              "skipped": false
            },
            {
              "title": "Validate the status code",
              "fullTitle": "API Testing with Cypress Validate the status code",
              "timedOut": null,
              "duration": 296,
              "state": "passed",
              "speed": "slow",
              "pass": true,
              "fail": false,
              "pending": false,
              "context": null,
              "code": "cy.get('@pikachu').its('status').should('equal', 200);",
              "err": {},
              "uuid": "c945fbf8-85e7-46f6-bb26-42d3aea65002",
              "parentUUID": "f4362f70-887b-4bec-950e-0a2630379bf5",
              "isHook": false,
              "skipped": false
            },
            {
              "title": "Validate the pokemon's name",
              "fullTitle": "API Testing with Cypress Validate the pokemon's name",
              "timedOut": null,
              "duration": 356,
              "state": "passed",
              "speed": "slow",
              "pass": true,
              "fail": false,
              "pending": false,
              "context": null,
              "code": "cy.get(\"@pikachu\").its(\"body\").should(\"include\", {\n  name: \"pikachu\"\n});",
              "err": {},
              "uuid": "44aed2d6-3f12-41b9-a60a-076403f5523f",
              "parentUUID": "f4362f70-887b-4bec-950e-0a2630379bf5",
              "isHook": false,
              "skipped": false
            }
          ],
          "suites": [],
          "passes": [
            "0e5693a6-0c26-4e2a-a64e-2b294a48f5d9",
            "c945fbf8-85e7-46f6-bb26-42d3aea65002",
            "44aed2d6-3f12-41b9-a60a-076403f5523f"
          ],
          "failures": [],
          "pending": [],
          "skipped": [],
          "duration": 1337,
          "root": false,
          "rootEmpty": false,
          "_timeout": 2000
        }
      ],
      "passes": [],
      "failures": [],
      "pending": [],
      "skipped": [],
      "duration": 0,
      "root": true,
      "rootEmpty": true,
      "_timeout": 2000
    }
  ],
  "meta": {
    "mocha": {
      "version": "7.0.1"
    },
    "mochawesome": {
      "options": {
        "quiet": false,
        "reportFilename": "mochawesome",
        "saveHtml": false,
        "saveJson": true,
        "consoleReporter": "spec",
        "useInlineDiffs": false,
        "code": true
      },
      "version": "6.1.1"
    },
    "marge": {
      "options": {
        "reportDir": "reporter-config.json",
        "overwrite": false,
        "html": false,
        "json": true
      },
      "version": "5.1.0"
    }
  }
}