{
  "stats": {
    "suites": 1,
    "tests": 3,
    "passes": 3,
    "pending": 0,
    "failures": 0,
    "start": "2020-08-03T14:36:35.125Z",
    "end": "2020-08-03T14:36:36.571Z",
    "duration": 1446,
    "testsRegistered": 3,
    "passPercent": 100,
    "pendingPercent": 0,
    "other": 0,
    "hasOther": false,
    "skipped": 0,
    "hasSkipped": false
  },
  "results": [
    {
      "uuid": "783b13d9-a3f1-4dc2-ad22-80d70372b61d",
      "title": "",
      "fullFile": "cypress\\integration\\examples\\getPokemonName2.spec.js",
      "file": "cypress\\integration\\examples\\getPokemonName2.spec.js",
      "beforeHooks": [],
      "afterHooks": [],
      "tests": [],
      "suites": [
        {
          "uuid": "d611cad2-3668-4f3d-a11a-d0e28a18c0d3",
          "title": "API Testing with Cypress2",
          "fullFile": "",
          "file": "",
          "beforeHooks": [],
          "afterHooks": [],
          "tests": [
            {
              "title": "Validate the header2",
              "fullTitle": "API Testing with Cypress2 Validate the header2",
              "timedOut": null,
              "duration": 568,
              "state": "passed",
              "speed": "slow",
              "pass": true,
              "fail": false,
              "pending": false,
              "context": null,
              "code": "cy.login(\"omer\", \"talmi\");\ncy.get(\"@pikachu\").its(\"headers\").its(\"content-type\").should(\"include\", \"application/json; charset=utf-8\");",
              "err": {},
              "uuid": "b3a6e37c-1148-4e6d-b7eb-0ff5f3e34374",
              "parentUUID": "d611cad2-3668-4f3d-a11a-d0e28a18c0d3",
              "isHook": false,
              "skipped": false
            },
            {
              "title": "Validate the status code",
              "fullTitle": "API Testing with Cypress2 Validate the status code",
              "timedOut": null,
              "duration": 385,
              "state": "passed",
              "speed": "slow",
              "pass": true,
              "fail": false,
              "pending": false,
              "context": null,
              "code": "cy.get('@pikachu').its('status').should('equal', 200);",
              "err": {},
              "uuid": "837ce31f-2679-425a-ae1d-6f3627091d09",
              "parentUUID": "d611cad2-3668-4f3d-a11a-d0e28a18c0d3",
              "isHook": false,
              "skipped": false
            },
            {
              "title": "Validate the pokemon's name",
              "fullTitle": "API Testing with Cypress2 Validate the pokemon's name",
              "timedOut": null,
              "duration": 452,
              "state": "passed",
              "speed": "slow",
              "pass": true,
              "fail": false,
              "pending": false,
              "context": null,
              "code": "cy.get(\"@pikachu\").its(\"body\").should(\"include\", {\n  name: \"pikachu\"\n});",
              "err": {},
              "uuid": "465d9781-fc5a-4a92-b7c7-05a1e96a4860",
              "parentUUID": "d611cad2-3668-4f3d-a11a-d0e28a18c0d3",
              "isHook": false,
              "skipped": false
            }
          ],
          "suites": [],
          "passes": [
            "b3a6e37c-1148-4e6d-b7eb-0ff5f3e34374",
            "837ce31f-2679-425a-ae1d-6f3627091d09",
            "465d9781-fc5a-4a92-b7c7-05a1e96a4860"
          ],
          "failures": [],
          "pending": [],
          "skipped": [],
          "duration": 1405,
          "root": false,
          "rootEmpty": false,
          "_timeout": 2000
        }
      ],
      "passes": [],
      "failures": [],
      "pending": [],
      "skipped": [],
      "duration": 0,
      "root": true,
      "rootEmpty": true,
      "_timeout": 2000
    }
  ],
  "meta": {
    "mocha": {
      "version": "7.0.1"
    },
    "mochawesome": {
      "options": {
        "quiet": false,
        "reportFilename": "mochawesome",
        "saveHtml": false,
        "saveJson": true,
        "consoleReporter": "spec",
        "useInlineDiffs": false,
        "code": true
      },
      "version": "6.1.1"
    },
    "marge": {
      "options": {
        "reportDir": "reporter-config.json",
        "overwrite": false,
        "html": false,
        "json": true
      },
      "version": "5.1.0"
    }
  }
}